2025-06-30 10:46:06,978 - INFO - 停止所有容器
2025-06-30 10:46:27,728 - INFO - 关闭 robotune 成功
2025-06-30 10:46:30,828 - DEBUG - 启动 robotune 计时：30
2025-06-30 10:46:31,914 - INFO - 启动 robotune 成功
2025-06-30 10:46:52,124 - INFO - 登录成功
2025-06-30 10:46:52,156 - INFO - 获取所有服务id成功
2025-06-30 10:46:52,209 - INFO - 停止3DSlamPrinter服务成功：760
2025-06-30 10:46:52,222 - INFO - 停止general服务成功：761
2025-06-30 10:46:52,235 - INFO - 停止AGVTest服务成功：762
2025-06-30 10:46:52,247 - INFO - 停止CalibrationSys服务成功：763
2025-06-30 10:46:52,261 - INFO - 停止SerialService服务成功：764
2025-06-30 10:46:52,276 - INFO - 停止3DSlam服务成功：765
2025-06-30 10:46:52,288 - INFO - 停止perception服务成功：766
2025-06-30 10:46:52,289 - INFO - 停止 agv 所有服务成功
2025-06-30 10:46:52,374 - INFO - 获取备份列表成功
2025-06-30 10:46:52,374 - INFO - 待测备份检查成功
2025-06-30 10:50:03,888 - INFO - 停止所有容器
2025-06-30 10:50:24,629 - INFO - 关闭 robotune 成功
2025-06-30 10:50:27,718 - DEBUG - 启动 robotune 计时：30
2025-06-30 10:50:28,804 - INFO - 启动 robotune 成功
2025-06-30 10:50:49,027 - INFO - 登录成功
2025-06-30 10:50:49,059 - INFO - 获取所有服务id成功
2025-06-30 10:50:49,114 - INFO - 停止3DSlamPrinter服务成功：760
2025-06-30 10:50:49,132 - INFO - 停止general服务成功：761
2025-06-30 10:50:49,158 - INFO - 停止AGVTest服务成功：762
2025-06-30 10:50:49,175 - INFO - 停止CalibrationSys服务成功：763
2025-06-30 10:50:49,188 - INFO - 停止SerialService服务成功：764
2025-06-30 10:50:49,200 - INFO - 停止3DSlam服务成功：765
2025-06-30 10:50:49,211 - INFO - 停止perception服务成功：766
2025-06-30 10:50:49,212 - INFO - 停止 agv 所有服务成功
2025-06-30 10:50:49,302 - INFO - 获取备份列表成功
2025-06-30 10:50:49,303 - INFO - 待测备份检查成功
2025-06-30 16:07:58,988 - INFO - 登录成功
2025-06-30 16:08:03,417 - INFO - 备份导入成功：/home/visionnav/VNSim/sim_res_bak/test_case/get_put/P15_fwd_3mid360_bw_2mid360/get/detect_get-V5.2.1.0_test-20250613162215.zip
2025-06-30 16:08:03,418 - INFO - 导入匹配成功的备份成功
2025-06-30 16:08:03,518 - INFO - 备份导入成功：/home/visionnav/VNSim/sim_res_bak/test_case/get_put/P15_fwd_3mid360_bw_2mid360/put/detect_put-V5.2.1.0_test-20250617132009.zip
2025-06-30 16:08:03,519 - INFO - 导入匹配成功的备份成功
