2025-06-26 17:28:44,594 - INFO - 登录成功
2025-06-26 17:28:44,636 - INFO - 获取通参一级节点
2025-06-26 17:28:44,841 - INFO - 获取通参：root_nodes_name=静态参数，key=LoadPositionX
2025-06-26 17:29:31,679 - INFO - 登录成功
2025-06-26 17:29:31,700 - INFO - 获取通参一级节点
2025-06-26 17:29:31,761 - INFO - 获取通参：root_nodes_name=静态参数，key=LoadPositionX
2025-06-26 17:30:07,758 - INFO - 登录成功
2025-06-26 17:30:07,780 - INFO - 获取通参一级节点
2025-06-26 17:30:07,881 - INFO - 获取通参：root_nodes_name=静态参数，key=LoadPositionX
2025-06-26 17:30:28,474 - INFO - 登录成功
2025-06-26 17:30:28,493 - INFO - 获取通参一级节点
2025-06-26 17:30:28,555 - INFO - 获取通参：root_nodes_name=静态参数，key=LoadPositionX
2025-06-26 17:30:32,870 - INFO - 登录成功
2025-06-26 17:30:32,883 - INFO - 获取通参一级节点
2025-06-26 17:30:32,946 - INFO - 获取通参：root_nodes_name=静态参数，key=LoadPositionX
2025-06-26 17:32:49,724 - INFO - 登录成功
2025-06-26 17:32:49,741 - INFO - 获取通参一级节点
2025-06-26 17:32:49,854 - INFO - 获取通参：root_nodes_name=静态参数，key=LoadPositionX
2025-06-26 17:33:11,293 - INFO - 登录成功
2025-06-26 17:33:11,307 - INFO - 获取通参一级节点
2025-06-26 17:33:11,369 - INFO - 获取通参：root_nodes_name=静态参数，key=LoadPositionX
2025-06-26 17:33:22,297 - INFO - 登录成功
2025-06-26 17:33:22,318 - INFO - 获取通参一级节点
2025-06-26 17:33:22,392 - INFO - 获取通参：root_nodes_name=静态参数，key=LoadPositionX
2025-06-26 17:36:36,784 - INFO - 登录成功
2025-06-26 17:36:36,801 - INFO - 获取通参一级节点
2025-06-26 17:36:53,712 - INFO - 登录成功
2025-06-26 17:37:42,280 - INFO - 登录成功
2025-06-26 17:37:50,097 - INFO - 登录成功
2025-06-26 20:14:10,960 - INFO - 登录成功
2025-06-26 20:14:10,981 - INFO - 获取备份列表成功
2025-06-26 20:31:13,159 - INFO - 登录成功
2025-06-26 20:31:27,563 - INFO - 登录成功
2025-06-26 20:32:58,374 - INFO - 登录成功
2025-06-26 20:33:49,419 - INFO - 登录成功
2025-06-26 20:35:59,350 - INFO - 登录成功
2025-06-26 20:37:43,011 - INFO - 登录成功
2025-06-26 20:46:33,951 - INFO - 登录成功
2025-06-26 20:46:33,951 - INFO - 删除不同类型备份系统备份
2025-06-26 20:48:22,910 - INFO - 登录成功
2025-06-26 20:48:22,910 - WARNING - 备份列表为空，执行一次 backup_get_all
2025-06-26 20:48:43,253 - INFO - 登录成功
2025-06-26 20:48:43,267 - INFO - 获取备份列表成功
2025-06-26 20:48:43,312 - ERROR - 获取控制权 post 网络请求失败: 400 Client Error: Bad Request for url: http://127.0.0.1:24311/api/services/sys/TempPermission/Occupy
2025-06-26 20:49:19,441 - INFO - 登录成功
2025-06-26 20:49:19,463 - INFO - 获取备份列表成功
2025-06-26 20:49:19,480 - INFO - 获取控制权成功
2025-06-26 20:49:19,483 - ERROR - 触发备份删除 post 网络请求失败: 405 Client Error: Method Not Allowed for url: http://127.0.0.1:24311/api/services/sys/Backup/Recovery
2025-06-26 20:49:19,500 - INFO - 释放控制权成功
2025-06-26 20:50:09,683 - INFO - 登录成功
2025-06-26 20:50:09,709 - INFO - 获取备份列表成功
2025-06-26 20:50:09,724 - INFO - 获取控制权成功
2025-06-26 20:50:09,945 - ERROR - 触发备份删除 post 网络请求失败: 404 Client Error: Not Found for url: http://127.0.0.1:24311/api/services/sys/Backup/Delete
2025-06-26 20:50:09,962 - INFO - 释放控制权成功
2025-06-26 20:51:16,367 - INFO - 登录成功
2025-06-26 20:51:16,387 - INFO - 获取备份列表成功
2025-06-26 20:51:16,398 - INFO - 获取控制权成功
2025-06-26 20:51:16,416 - ERROR - 触发备份删除 post 网络请求失败: 404 Client Error: Not Found for url: http://127.0.0.1:24311/api/services/sys/Backup/Delete
2025-06-26 20:51:16,428 - INFO - 释放控制权成功
2025-06-26 20:55:19,314 - INFO - 登录成功
2025-06-26 20:55:19,328 - INFO - 获取备份列表成功
2025-06-26 20:55:19,343 - INFO - 获取控制权成功
2025-06-26 20:55:19,380 - INFO - 释放控制权成功
2025-06-26 20:55:41,652 - INFO - 登录成功
2025-06-26 20:55:41,676 - INFO - 获取备份列表成功
2025-06-26 20:55:41,693 - INFO - 获取控制权成功
2025-06-26 20:55:41,711 - ERROR - 触发备份删除 post 网络请求失败: 404 Client Error: Not Found for url: http://127.0.0.1:24311/api/services/sys/Backup/Delete
2025-06-26 20:55:41,726 - INFO - 释放控制权成功
2025-06-26 20:58:11,239 - INFO - 登录成功
2025-06-26 20:58:11,262 - INFO - 获取备份列表成功
2025-06-26 20:58:11,281 - ERROR - 触发备份删除 delete 网络请求失败: 404 Client Error: Not Found for url: http://127.0.0.1:24311/api/services/sys/Backup/Delete
2025-06-26 20:59:36,673 - INFO - 登录成功
2025-06-26 20:59:36,700 - INFO - 获取备份列表成功
2025-06-26 21:06:07,486 - INFO - 登录成功
2025-06-26 21:06:07,507 - INFO - 获取备份列表成功
2025-06-26 21:06:07,532 - ERROR - 触发备份删除 delete 网络请求失败: 404 Client Error: Not Found for url: http://127.0.0.1:24311/api/services/sys/Backup/Delete
