2025-06-20 10:14:14,617 - INFO - Robot RobotNode customData_str: controller_list[P15_master,shadow_lidar0_and_lidar2,shadow_lidar1,shadow_lidar3_and_lidar4,P15_shadow_sensor,shadow_show_gui]
2025-06-20 10:17:35,193 - INFO - Robot RobotNode customData_str: controller_list[P15_master,shadow_lidar0_and_lidar2,shadow_lidar1,shadow_lidar3_and_lidar4,P15_shadow_sensor,shadow_show_gui]
2025-06-20 10:39:22,786 - INFO - Robot RobotNode customData_str: controller_list[P15_master,shadow_lidar0_and_lidar2,shadow_lidar1,shadow_lidar3_and_lidar4,P15_shadow_sensor,shadow_show_gui]
2025-06-20 10:39:22,786 - INFO - Robot RobotNode customData_str: controller_list[P15_master,shadow_lidar0_and_lidar2,shadow_lidar1,shadow_lidar3_and_lidar4,P15_shadow_sensor,shadow_show_gui]
2025-06-20 10:39:38,341 - INFO - Robot RobotNode customData_str: controller_list[P15_master,shadow_lidar0_and_lidar2,shadow_lidar1,shadow_lidar3_and_lidar4,P15_shadow_sensor,shadow_show_gui]
2025-06-20 10:52:04,357 - INFO - Robot RobotNode customData_str: controller_list[P15_master,shadow_lidar0_and_lidar2,shadow_lidar1,shadow_lidar3_and_lidar4,P15_shadow_sensor,shadow_show_gui]
2025-06-20 10:52:04,358 - INFO - File copied successfully to /home/visionnav/VNSim/vn_wbt_project/auto_test/detect_get_p_P15_master_autotest_copy.wbt
2025-06-20 10:52:04,359 - INFO - File copied successfully to /home/visionnav/VNSim/vn_wbt_project/auto_test/detect_get_p_shadow_lidar0_and_lidar2_autotest_copy.wbt
2025-06-20 10:52:04,359 - INFO - File copied successfully to /home/visionnav/VNSim/vn_wbt_project/auto_test/detect_get_p_shadow_lidar1_autotest_copy.wbt
2025-06-20 10:52:04,360 - INFO - File copied successfully to /home/visionnav/VNSim/vn_wbt_project/auto_test/detect_get_p_shadow_lidar3_and_lidar4_autotest_copy.wbt
2025-06-20 10:52:04,361 - INFO - File copied successfully to /home/visionnav/VNSim/vn_wbt_project/auto_test/detect_get_p_P15_shadow_sensor_autotest_copy.wbt
2025-06-20 10:52:04,361 - INFO - File copied successfully to /home/visionnav/VNSim/vn_wbt_project/auto_test/detect_get_p_shadow_show_gui_autotest_copy.wbt
2025-06-20 11:09:06,638 - INFO - Robot RobotNode customData_str: controller_list[P15_master,shadow_lidar0_and_lidar2,shadow_lidar1,shadow_lidar3_and_lidar4,P15_shadow_sensor,shadow_show_gui]
2025-06-20 11:09:06,639 - INFO - File copied successfully to /home/visionnav/VNSim/vn_wbt_project/auto_test/detect_get_p_P15_master_autotest_copy.wbt
2025-06-20 11:09:06,640 - INFO - File copied successfully to /home/visionnav/VNSim/vn_wbt_project/auto_test/detect_get_p_shadow_lidar0_and_lidar2_autotest_copy.wbt
2025-06-20 11:09:06,641 - INFO - File copied successfully to /home/visionnav/VNSim/vn_wbt_project/auto_test/detect_get_p_shadow_lidar1_autotest_copy.wbt
2025-06-20 11:09:06,642 - INFO - File copied successfully to /home/visionnav/VNSim/vn_wbt_project/auto_test/detect_get_p_shadow_lidar3_and_lidar4_autotest_copy.wbt
2025-06-20 11:09:06,643 - INFO - File copied successfully to /home/visionnav/VNSim/vn_wbt_project/auto_test/detect_get_p_P15_shadow_sensor_autotest_copy.wbt
2025-06-20 11:09:06,643 - INFO - File copied successfully to /home/visionnav/VNSim/vn_wbt_project/auto_test/detect_get_p_shadow_show_gui_autotest_copy.wbt
2025-06-20 11:36:17,065 - INFO - Robot RobotNode customData_str: controller_list[P15_master,shadow_lidar0_and_lidar2,shadow_lidar1,shadow_lidar3_and_lidar4,P15_shadow_sensor,shadow_show_gui]
2025-06-20 11:36:54,617 - INFO - Robot RobotNode customData_str: controller_list[P15_master,shadow_lidar0_and_lidar2,shadow_lidar1,shadow_lidar3_and_lidar4,P15_shadow_sensor,shadow_show_gui]
2025-06-20 11:38:42,912 - INFO - Robot RobotNode customData_str: controller_list[P15_master,shadow_lidar0_and_lidar2,shadow_lidar1,shadow_lidar3_and_lidar4,P15_shadow_sensor,shadow_show_gui]
2025-06-20 11:38:42,913 - INFO - File copied successfully to /home/visionnav/VNSim/vn_wbt_project/auto_test/detect_get_p_P15_master_autotest_copy.wbt
2025-06-20 11:38:42,913 - INFO - File copied successfully to /home/visionnav/VNSim/vn_wbt_project/auto_test/detect_get_p_shadow_lidar0_and_lidar2_autotest_copy.wbt
2025-06-20 11:38:42,914 - INFO - File copied successfully to /home/visionnav/VNSim/vn_wbt_project/auto_test/detect_get_p_shadow_lidar1_autotest_copy.wbt
2025-06-20 11:38:42,914 - INFO - File copied successfully to /home/visionnav/VNSim/vn_wbt_project/auto_test/detect_get_p_shadow_lidar3_and_lidar4_autotest_copy.wbt
2025-06-20 11:38:42,915 - INFO - File copied successfully to /home/visionnav/VNSim/vn_wbt_project/auto_test/detect_get_p_P15_shadow_sensor_autotest_copy.wbt
2025-06-20 11:38:42,915 - INFO - File copied successfully to /home/visionnav/VNSim/vn_wbt_project/auto_test/detect_get_p_shadow_show_gui_autotest_copy.wbt
2025-06-20 11:39:27,301 - INFO - Robot RobotNode customData_str: controller_list[P15_master,shadow_lidar0_and_lidar2,shadow_lidar1,shadow_lidar3_and_lidar4,P15_shadow_sensor,shadow_show_gui]
2025-06-20 11:39:27,301 - INFO - File copied successfully to /home/visionnav/VNSim/vn_wbt_project/auto_test/detect_get_p_P15_master_autotest_copy.wbt
2025-06-20 11:39:27,302 - INFO - File copied successfully to /home/visionnav/VNSim/vn_wbt_project/auto_test/detect_get_p_shadow_lidar0_and_lidar2_autotest_copy.wbt
2025-06-20 11:39:27,302 - INFO - File copied successfully to /home/visionnav/VNSim/vn_wbt_project/auto_test/detect_get_p_shadow_lidar1_autotest_copy.wbt
2025-06-20 11:39:27,303 - INFO - File copied successfully to /home/visionnav/VNSim/vn_wbt_project/auto_test/detect_get_p_shadow_lidar3_and_lidar4_autotest_copy.wbt
2025-06-20 11:39:27,303 - INFO - File copied successfully to /home/visionnav/VNSim/vn_wbt_project/auto_test/detect_get_p_P15_shadow_sensor_autotest_copy.wbt
2025-06-20 11:39:27,304 - INFO - File copied successfully to /home/visionnav/VNSim/vn_wbt_project/auto_test/detect_get_p_shadow_show_gui_autotest_copy.wbt
2025-06-20 11:54:43,950 - INFO - Robot RobotNode customData_str: controller_list[P15_master,shadow_lidar0_and_lidar2,shadow_lidar1,shadow_lidar3_and_lidar4,P15_shadow_sensor,shadow_show_gui]
2025-06-20 11:54:43,950 - INFO - 匹配到控制器列表: [{'controller_type': 'P15_master'}, {'controller_type': 'shadow_lidar0_and_lidar2'}, {'controller_type': 'shadow_lidar1'}, {'controller_type': 'shadow_lidar3_and_lidar4'}, {'controller_type': 'P15_shadow_sensor'}, {'controller_type': 'shadow_show_gui'}]
2025-06-20 11:54:43,951 - INFO - File copied successfully to /home/visionnav/VNSim/vn_wbt_project/auto_test/detect_get_p_P15_master_autotest_copy.wbt
2025-06-20 11:54:43,951 - INFO - File copied successfully to /home/visionnav/VNSim/vn_wbt_project/auto_test/detect_get_p_shadow_lidar0_and_lidar2_autotest_copy.wbt
2025-06-20 11:54:43,952 - INFO - File copied successfully to /home/visionnav/VNSim/vn_wbt_project/auto_test/detect_get_p_shadow_lidar1_autotest_copy.wbt
2025-06-20 11:54:43,953 - INFO - File copied successfully to /home/visionnav/VNSim/vn_wbt_project/auto_test/detect_get_p_shadow_lidar3_and_lidar4_autotest_copy.wbt
2025-06-20 11:54:43,953 - INFO - File copied successfully to /home/visionnav/VNSim/vn_wbt_project/auto_test/detect_get_p_P15_shadow_sensor_autotest_copy.wbt
2025-06-20 11:54:43,954 - INFO - File copied successfully to /home/visionnav/VNSim/vn_wbt_project/auto_test/detect_get_p_shadow_show_gui_autotest_copy.wbt
2025-06-20 11:57:37,630 - INFO - 匹配到控制器列表: P15_master,shadow_lidar0_and_lidar2,shadow_lidar1,shadow_lidar3_and_lidar4,P15_shadow_sensor,shadow_show_gui
2025-06-20 11:57:37,631 - INFO - File copied successfully to /home/visionnav/VNSim/vn_wbt_project/auto_test/detect_get_p_P15_master_autotest_copy.wbt
2025-06-20 11:57:37,631 - INFO - File copied successfully to /home/visionnav/VNSim/vn_wbt_project/auto_test/detect_get_p_shadow_lidar0_and_lidar2_autotest_copy.wbt
2025-06-20 11:57:37,632 - INFO - File copied successfully to /home/visionnav/VNSim/vn_wbt_project/auto_test/detect_get_p_shadow_lidar1_autotest_copy.wbt
2025-06-20 11:57:37,632 - INFO - File copied successfully to /home/visionnav/VNSim/vn_wbt_project/auto_test/detect_get_p_shadow_lidar3_and_lidar4_autotest_copy.wbt
2025-06-20 11:57:37,632 - INFO - File copied successfully to /home/visionnav/VNSim/vn_wbt_project/auto_test/detect_get_p_P15_shadow_sensor_autotest_copy.wbt
2025-06-20 11:57:37,633 - INFO - File copied successfully to /home/visionnav/VNSim/vn_wbt_project/auto_test/detect_get_p_shadow_show_gui_autotest_copy.wbt
2025-06-20 11:57:37,641 - INFO - handle_wbt_file：P15_master
2025-06-20 11:57:37,652 - INFO - handle_wbt_file：shadow_lidar0_and_lidar2
2025-06-20 11:57:37,663 - INFO - handle_wbt_file：shadow_lidar1
2025-06-20 11:57:37,679 - INFO - handle_wbt_file：shadow_lidar3_and_lidar4
2025-06-20 11:57:37,689 - INFO - handle_wbt_file：P15_shadow_sensor
2025-06-20 11:57:37,699 - INFO - handle_wbt_file：shadow_show_gui
2025-06-20 11:58:15,903 - INFO - 匹配到控制器列表: P15_master,shadow_lidar0_and_lidar2,shadow_lidar1,shadow_lidar3_and_lidar4,P15_shadow_sensor,shadow_show_gui
2025-06-20 11:58:15,904 - INFO - File copied successfully to /home/visionnav/VNSim/vn_wbt_project/auto_test/detect_get_p_P15_master_autotest_copy.wbt
2025-06-20 11:58:15,905 - INFO - File copied successfully to /home/visionnav/VNSim/vn_wbt_project/auto_test/detect_get_p_shadow_lidar0_and_lidar2_autotest_copy.wbt
2025-06-20 11:58:15,905 - INFO - File copied successfully to /home/visionnav/VNSim/vn_wbt_project/auto_test/detect_get_p_shadow_lidar1_autotest_copy.wbt
2025-06-20 11:58:15,906 - INFO - File copied successfully to /home/visionnav/VNSim/vn_wbt_project/auto_test/detect_get_p_shadow_lidar3_and_lidar4_autotest_copy.wbt
2025-06-20 11:58:15,907 - INFO - File copied successfully to /home/visionnav/VNSim/vn_wbt_project/auto_test/detect_get_p_P15_shadow_sensor_autotest_copy.wbt
2025-06-20 11:58:15,907 - INFO - File copied successfully to /home/visionnav/VNSim/vn_wbt_project/auto_test/detect_get_p_shadow_show_gui_autotest_copy.wbt
2025-06-20 11:58:15,918 - INFO - handle_wbt_file：P15_master
2025-06-20 11:58:15,928 - INFO - handle_wbt_file：shadow_lidar0_and_lidar2
2025-06-20 11:58:15,938 - INFO - handle_wbt_file：shadow_lidar1
2025-06-20 11:58:15,953 - INFO - handle_wbt_file：shadow_lidar3_and_lidar4
2025-06-20 11:58:15,963 - INFO - handle_wbt_file：P15_shadow_sensor
2025-06-20 11:58:15,973 - INFO - handle_wbt_file：shadow_show_gui
2025-06-20 13:17:02,368 - INFO - 匹配到控制器列表: P15_master,shadow_lidar0_and_lidar2,shadow_lidar1,shadow_lidar3_and_lidar4,P15_shadow_sensor,shadow_show_gui
2025-06-20 13:17:02,369 - INFO - File copied successfully to /home/visionnav/VNSim/vn_wbt_project/auto_test/detect_get_p_P15_master_autotest_copy.wbt
2025-06-20 13:17:02,369 - INFO - File copied successfully to /home/visionnav/VNSim/vn_wbt_project/auto_test/detect_get_p_shadow_lidar0_and_lidar2_autotest_copy.wbt
2025-06-20 13:17:02,369 - INFO - File copied successfully to /home/visionnav/VNSim/vn_wbt_project/auto_test/detect_get_p_shadow_lidar1_autotest_copy.wbt
2025-06-20 13:17:02,370 - INFO - File copied successfully to /home/visionnav/VNSim/vn_wbt_project/auto_test/detect_get_p_shadow_lidar3_and_lidar4_autotest_copy.wbt
2025-06-20 13:17:02,370 - INFO - File copied successfully to /home/visionnav/VNSim/vn_wbt_project/auto_test/detect_get_p_P15_shadow_sensor_autotest_copy.wbt
2025-06-20 13:17:02,371 - INFO - File copied successfully to /home/visionnav/VNSim/vn_wbt_project/auto_test/detect_get_p_shadow_show_gui_autotest_copy.wbt
2025-06-20 13:17:02,380 - INFO - handle_wbt_file：P15_master
2025-06-20 13:17:02,391 - INFO - handle_wbt_file：shadow_lidar0_and_lidar2
2025-06-20 13:17:02,403 - INFO - handle_wbt_file：shadow_lidar1
2025-06-20 13:17:02,419 - INFO - handle_wbt_file：shadow_lidar3_and_lidar4
2025-06-20 13:17:02,430 - INFO - handle_wbt_file：P15_shadow_sensor
2025-06-20 13:17:02,440 - INFO - handle_wbt_file：shadow_show_gui
2025-06-20 13:17:02,444 - INFO - File deleted successfully to /home/visionnav/VNSim/vn_wbt_project/auto_test/detect_get_p_P15_master_autotest_copy.wbt/home/visionnav/VNSim/vn_wbt_project/auto_test/.detect_get_p_P15_master_autotest_copy.wbproj
2025-06-20 13:17:02,444 - INFO - File deleted successfully to /home/visionnav/VNSim/vn_wbt_project/auto_test/detect_get_p_shadow_lidar0_and_lidar2_autotest_copy.wbt/home/visionnav/VNSim/vn_wbt_project/auto_test/.detect_get_p_shadow_lidar0_and_lidar2_autotest_copy.wbproj
2025-06-20 13:17:02,445 - INFO - File deleted successfully to /home/visionnav/VNSim/vn_wbt_project/auto_test/detect_get_p_shadow_lidar1_autotest_copy.wbt/home/visionnav/VNSim/vn_wbt_project/auto_test/.detect_get_p_shadow_lidar1_autotest_copy.wbproj
2025-06-20 13:17:02,445 - INFO - File deleted successfully to /home/visionnav/VNSim/vn_wbt_project/auto_test/detect_get_p_shadow_lidar3_and_lidar4_autotest_copy.wbt/home/visionnav/VNSim/vn_wbt_project/auto_test/.detect_get_p_shadow_lidar3_and_lidar4_autotest_copy.wbproj
2025-06-20 13:17:02,445 - INFO - File deleted successfully to /home/visionnav/VNSim/vn_wbt_project/auto_test/detect_get_p_P15_shadow_sensor_autotest_copy.wbt/home/visionnav/VNSim/vn_wbt_project/auto_test/.detect_get_p_P15_shadow_sensor_autotest_copy.wbproj
2025-06-20 13:17:02,445 - INFO - File deleted successfully to /home/visionnav/VNSim/vn_wbt_project/auto_test/detect_get_p_shadow_show_gui_autotest_copy.wbt/home/visionnav/VNSim/vn_wbt_project/auto_test/.detect_get_p_shadow_show_gui_autotest_copy.wbproj
