2025-06-19 11:48:54,002 - INFO - 登录成功
2025-06-19 11:48:55,029 - INFO - robotune缓存已清除
2025-06-19 13:00:52,486 - INFO - 登录成功
2025-06-19 13:00:52,538 - INFO - 获取所有服务id成功
2025-06-19 13:00:52,580 - INFO - 停止3DSlamPrinter服务成功：760
2025-06-19 13:00:52,602 - INFO - 停止general服务成功：761
2025-06-19 13:00:52,631 - INFO - 停止AGVTest服务成功：762
2025-06-19 13:00:52,672 - INFO - 停止CalibrationSys服务成功：763
2025-06-19 13:00:52,702 - INFO - 停止SerialService服务成功：764
2025-06-19 13:00:52,727 - INFO - 停止3DSlam服务成功：765
2025-06-19 13:00:52,762 - INFO - 停止perception服务成功：766
2025-06-19 13:00:52,762 - INFO - 停止 agv 所有服务成功
2025-06-19 13:01:24,702 - INFO - 登录成功
2025-06-19 13:01:24,717 - INFO - 获取所有服务id成功
2025-06-19 13:01:32,116 - INFO - 登录成功
2025-06-19 13:01:32,128 - INFO - 获取所有服务id成功
2025-06-19 13:01:43,200 - INFO - 登录成功
2025-06-19 13:01:43,214 - INFO - 获取所有服务id成功
2025-06-19 13:01:43,235 - INFO - 启动3DSlamPrinter服务成功：760
2025-06-19 13:01:43,257 - INFO - 启动general服务成功：761
2025-06-19 13:01:43,278 - INFO - 启动3DSlam服务成功：765
2025-06-19 13:01:43,298 - INFO - 启动perception服务成功：766
2025-06-19 13:01:43,298 - INFO - 启动 agv 所有服务成功
2025-06-19 15:04:32,324 - INFO - 登录成功
2025-06-19 15:04:32,489 - INFO - 获取备份列表成功
2025-06-19 15:05:05,725 - INFO - 登录成功
2025-06-19 15:05:05,763 - INFO - 获取备份列表成功
2025-06-19 15:05:13,983 - INFO - 登录成功
2025-06-19 15:05:14,010 - INFO - 获取备份列表成功
2025-06-19 15:05:19,627 - INFO - 登录成功
2025-06-19 15:05:19,651 - INFO - 获取备份列表成功
2025-06-19 15:05:25,299 - INFO - 登录成功
2025-06-19 15:05:25,334 - INFO - 获取备份列表成功
2025-06-19 15:05:30,837 - INFO - 登录成功
2025-06-19 15:05:30,857 - INFO - 获取备份列表成功
2025-06-19 15:05:46,701 - INFO - 登录成功
2025-06-19 15:05:46,702 - ERROR - 获取备份异常: name 'page_index' is not defined
2025-06-19 16:10:55,325 - INFO - 登录成功
2025-06-19 16:10:55,325 - INFO - 启动 agv 所有服务成功
2025-06-19 16:11:52,514 - INFO - 登录成功
2025-06-19 16:11:52,547 - INFO - 获取所有服务id成功
2025-06-19 16:11:52,616 - INFO - 启动3DSlamPrinter服务成功：760
2025-06-19 16:11:52,649 - INFO - 启动general服务成功：761
2025-06-19 16:11:52,675 - INFO - 启动3DSlam服务成功：765
2025-06-19 16:11:52,697 - INFO - 启动perception服务成功：766
2025-06-19 16:11:52,697 - INFO - 启动 agv 所有服务成功
